INFO - 2023-12-04 07:30:29 --> Session: Class initialized using 'CodeIgniter\Session\Handlers\FileHandler' driver.
INFO - 2023-12-04 07:31:12 --> CSRF token verified.
INFO - 2023-12-04 07:31:12 --> Session: Class initialized using 'CodeIgniter\Session\Handlers\FileHandler' driver.
INFO - 2023-12-04 07:31:17 --> CSRF token verified.
INFO - 2023-12-04 07:31:46 --> Session: Class initialized using 'CodeIgniter\Session\Handlers\FileHandler' driver.
INFO - 2023-12-04 07:31:52 --> CSRF token verified.
INFO - 2023-12-04 07:32:48 --> Session: Class initialized using 'CodeIgniter\Session\Handlers\FileHandler' driver.
INFO - 2023-12-04 07:32:57 --> CSRF token verified.
INFO - 2023-12-04 08:38:21 --> Session: Class initialized using 'CodeIgniter\Session\Handlers\FileHandler' driver.
INFO - 2023-12-04 08:38:42 --> CSRF token verified.
INFO - 2023-12-04 08:38:58 --> CSRF token verified.
CRITICAL - 2023-12-04 08:38:58 --> Invalid file: "news/success_update.php"
in SYSTEMPATH/Exceptions/FrameworkException.php on line 39.
 1 SYSTEMPATH/View/View.php(216): CodeIgniter\Exceptions\FrameworkException::forInvalidFile()
 2 SYSTEMPATH/Common.php(1190): CodeIgniter\View\View->render()
 3 APPPATH/Controllers/News.php(141): view()
 4 SYSTEMPATH/CodeIgniter.php(942): App\Controllers\News->updatedItem()
 5 SYSTEMPATH/CodeIgniter.php(502): CodeIgniter\CodeIgniter->runController()
 6 SYSTEMPATH/CodeIgniter.php(361): CodeIgniter\CodeIgniter->handleRequest()
 7 FCPATH/index.php(79): CodeIgniter\CodeIgniter->run()
INFO - 2023-12-04 08:39:43 --> CSRF token verified.
INFO - 2023-12-04 08:40:11 --> CSRF token verified.
INFO - 2023-12-04 08:40:42 --> CSRF token verified.
INFO - 2023-12-04 08:43:51 --> Session: Class initialized using 'CodeIgniter\Session\Handlers\FileHandler' driver.
INFO - 2023-12-04 08:44:09 --> CSRF token verified.
