CRITICAL - 2023-11-29 08:14:19 --> Undefined variable: routes
in APPPATH/Config/Routing.php on line 116.
 1 APPPATH/Config/Routing.php(116): CodeIgniter\Debug\Exceptions->errorHandler()
 2 SYSTEMPATH/Autoloader/Autoloader.php(312): include_once('/var/www/html/codeigniter/app/Config/Routing.php')
 3 SYSTEMPATH/Autoloader/Autoloader.php(291): CodeIgniter\Autoloader\Autoloader->includeFile()
 4 SYSTEMPATH/Autoloader/Autoloader.php(269): CodeIgniter\Autoloader\Autoloader->loadInNamespace()
 5 [internal function]: CodeIgniter\Autoloader\Autoloader->loadClass()
 6 [internal function]: spl_autoload_call()
 7 SYSTEMPATH/Config/Factories.php(283): class_exists()
 8 SYSTEMPATH/Config/Factories.php(202): CodeIgniter\Config\Factories::locateClass()
 9 SYSTEMPATH/Config/Factories.php(161): CodeIgniter\Config\Factories::getDefinedInstance()
10 SYSTEMPATH/Common.php(217): CodeIgniter\Config\Factories::__callStatic()
11 SYSTEMPATH/Config/Services.php(618): config()
12 SYSTEMPATH/Config/BaseService.php(258): CodeIgniter\Config\Services::routes()
13 SYSTEMPATH/Config/BaseService.php(199): CodeIgniter\Config\BaseService::__callStatic()
14 SYSTEMPATH/Config/Services.php(615): CodeIgniter\Config\BaseService::getSharedInstance()
15 SYSTEMPATH/Config/BaseService.php(258): CodeIgniter\Config\Services::routes()
16 APPPATH/Config/Events.php(50): CodeIgniter\Config\BaseService::__callStatic()
17 SYSTEMPATH/Events/Events.php(154): CodeIgniter\Events\Events::Config\{closure}()
18 SYSTEMPATH/CodeIgniter.php(442): CodeIgniter\Events\Events::trigger()
19 SYSTEMPATH/CodeIgniter.php(361): CodeIgniter\CodeIgniter->handleRequest()
20 FCPATH/index.php(79): CodeIgniter\CodeIgniter->run()
